  EndState.cpp
d:\uni\5100 networking & tools\handmade\handmadelite - server\handmade\connectedplayer.h(14): warning C4244: 'return': conversion from 'float' to 'int', possible loss of data
d:\uni\5100 networking & tools\handmade\handmadelite - server\handmade\player.h(16): warning C4244: 'return': conversion from 'float' to 'int', possible loss of data
d:\uni\5100 networking & tools\handmade\handmadelite - server\handmade\player.h(17): warning C4244: 'return': conversion from 'float' to 'int', possible loss of data
  HealthHUD.cpp
  MenuState.cpp
d:\uni\5100 networking & tools\handmade\handmadelite - server\handmade\connectedplayer.h(14): warning C4244: 'return': conversion from 'float' to 'int', possible loss of data
d:\uni\5100 networking & tools\handmade\handmadelite - server\handmade\player.h(16): warning C4244: 'return': conversion from 'float' to 'int', possible loss of data
d:\uni\5100 networking & tools\handmade\handmadelite - server\handmade\player.h(17): warning C4244: 'return': conversion from 'float' to 'int', possible loss of data
  Player.cpp
d:\uni\5100 networking & tools\handmade\handmadelite - server\handmade\connectedplayer.h(14): warning C4244: 'return': conversion from 'float' to 'int', possible loss of data
d:\uni\5100 networking & tools\handmade\handmadelite - server\handmade\player.h(16): warning C4244: 'return': conversion from 'float' to 'int', possible loss of data
d:\uni\5100 networking & tools\handmade\handmadelite - server\handmade\player.h(17): warning C4244: 'return': conversion from 'float' to 'int', possible loss of data
d:\uni\5100 networking & tools\handmade\handmadelite - server\handmade\player.cpp(119): warning C4244: 'argument': conversion from 'float' to 'int', possible loss of data
d:\uni\5100 networking & tools\handmade\handmadelite - server\handmade\player.cpp(229): warning C4244: 'argument': conversion from 'float' to 'int', possible loss of data
  PlayState.cpp
d:\uni\5100 networking & tools\handmade\handmadelite - server\handmade\connectedplayer.h(14): warning C4244: 'return': conversion from 'float' to 'int', possible loss of data
d:\uni\5100 networking & tools\handmade\handmadelite - server\handmade\player.h(16): warning C4244: 'return': conversion from 'float' to 'int', possible loss of data
d:\uni\5100 networking & tools\handmade\handmadelite - server\handmade\player.h(17): warning C4244: 'return': conversion from 'float' to 'int', possible loss of data
  TCPServer.cpp
  Text.cpp
  Generating code
  40 of 1201 functions ( 3.3%) were compiled, the rest were copied from previous compilation.
    11 functions were new in current compilation
    82 functions had inline decision re-evaluated but remain unchanged
  Finished generating code
  Handmade.vcxproj -> D:\Uni\5100 Networking & Tools\Handmade\HandmadeLite - Server\Release\Handmade.exe
